Log file opened on Thu Nov 21 03:02:28 2024
Host: 52e1e0d9e676  pid: 48486  rank ID: 0  number of ranks:  1
GROMACS:    gmx mdrun, VERSION 5.0.4

GROMACS is written by:
Emile Apol         Rossen Apostolov   Herman J.C. Berendsen Par Bjelkmar       
Aldert van Buuren  Rudi van Drunen    Anton Feenstra     Sebastian Fritsch  
Gerrit Groenhof    Christoph Junghans Peter Kasson       Carsten Kutzner    
Per Larsson        Justin A. Lemkul   Magnus Lundborg    Pieter Meulenhoff  
Erik Marklund      Teemu Murtola      Szilard Pall       Sander Pronk       
Roland Schulz      Alexey Shvetsov    Michael Shirts     Alfons Sijbers     
Peter Tieleman     Christian Wennberg Maarten Wolf       
and the project leaders:
Mark Abraham, Berk Hess, Erik Lindahl, and David van der Spoel

Copyright (c) 1991-2000, University of Groningen, The Netherlands.
Copyright (c) 2001-2014, The GROMACS development team at
Uppsala University, Stockholm University and
the Royal Institute of Technology, Sweden.
check out http://www.gromacs.org for more information.

GROMACS is free software; you can redistribute it and/or modify it
under the terms of the GNU Lesser General Public License
as published by the Free Software Foundation; either version 2.1
of the License, or (at your option) any later version.

GROMACS:      gmx mdrun, VERSION 5.0.4
Executable:   /content/gromacs_sbm/bin/gmx
Library dir:  /content/gromacs_sbm/share/gromacs/top
Command line:
  gmx mdrun -s run.tpr -table ../table.xvg -tablep ../table.xvg -nt 2 -noddcheck

Gromacs version:    VERSION 5.0.4
Precision:          single
Memory model:       64 bit
MPI library:        thread_mpi
OpenMP support:     enabled
GPU support:        disabled
invsqrt routine:    gmx_software_invsqrt(x)
SIMD instructions:  AVX2_256
FFT library:        fftw-3.3.3-sse2
RDTSCP usage:       enabled
C++11 compilation:  enabled
TNG support:        enabled
Tracing support:    disabled
Built on:           Fri Oct 29 01:43:01 UTC 2021
Built by:           root@6bfeb5c6a63c [CMAKE]
Build OS/arch:      Linux 5.4.104+ x86_64
Build CPU vendor:   GenuineIntel
Build CPU brand:    Intel(R) Xeon(R) CPU @ 2.20GHz
Build CPU family:   6   Model: 79   Stepping: 0
Build CPU features: aes apic avx avx2 clfsh cmov cx8 cx16 f16c fma htt lahf_lm mmx msr nonstop_tsc pcid pclmuldq pdpe1gb popcnt pse rdrnd rdtscp sse2 sse3 sse4.1 sse4.2 ssse3 x2apic
C compiler:         /usr/bin/cc GNU 7.5.0
C compiler flags:    -march=core-avx2   -DSBM -Wno-maybe-uninitialized -Wextra -Wno-missing-field-initializers -Wno-sign-compare -Wpointer-arith -Wall -Wno-unused -Wunused-value -Wunused-parameter  -O3 -DNDEBUG -fomit-frame-pointer -funroll-all-loops -fexcess-precision=fast  -Wno-array-bounds 
C++ compiler:       /usr/bin/c++ GNU 7.5.0
C++ compiler flags:  -march=core-avx2   -std=c++0x -DSBM -Wextra -Wno-missing-field-initializers -Wpointer-arith -Wall -Wno-unused-function  -O3 -DNDEBUG -fomit-frame-pointer -funroll-all-loops -fexcess-precision=fast  -Wno-array-bounds 
Boost version:      1.65.1 (external)



++++ PLEASE READ AND CITE THE FOLLOWING REFERENCE ++++
B. Hess and C. Kutzner and D. van der Spoel and E. Lindahl
GROMACS 4: Algorithms for highly efficient, load-balanced, and scalable
molecular simulation
J. Chem. Theory Comput. 4 (2008) pp. 435-447
-------- -------- --- Thank You --- -------- --------


++++ PLEASE READ AND CITE THE FOLLOWING REFERENCE ++++
D. van der Spoel, E. Lindahl, B. Hess, G. Groenhof, A. E. Mark and H. J. C.
Berendsen
GROMACS: Fast, Flexible and Free
J. Comp. Chem. 26 (2005) pp. 1701-1719
-------- -------- --- Thank You --- -------- --------


++++ PLEASE READ AND CITE THE FOLLOWING REFERENCE ++++
E. Lindahl and B. Hess and D. van der Spoel
GROMACS 3.0: A package for molecular simulation and trajectory analysis
J. Mol. Mod. 7 (2001) pp. 306-317
-------- -------- --- Thank You --- -------- --------


++++ PLEASE READ AND CITE THE FOLLOWING REFERENCE ++++
H. J. C. Berendsen, D. van der Spoel and R. van Drunen
GROMACS: A message-passing parallel molecular dynamics implementation
Comp. Phys. Comm. 91 (1995) pp. 43-56
-------- -------- --- Thank You --- -------- --------

Input Parameters:
   integrator                     = sd
   tinit                          = 0
   dt                             = 0.0005
   nsteps                         = 5000000
   init-step                      = 0
   simulation-part                = 1
   comm-mode                      = Angular
   nstcomm                        = 100
   bd-fric                        = 0
   ld-seed                        = 3052133852
   emtol                          = 10
   emstep                         = 0.01
   niter                          = 20
   fcstep                         = 0
   nstcgsteep                     = 1000
   nbfgscorr                      = 10
   rtpi                           = 0.05
   nstxout                        = 0
   nstvout                        = 0
   nstfout                        = 0
   nstlog                         = 100000
   nstcalcenergy                  = 100
   nstenergy                      = 5000
   nstxout-compressed             = 5000
   compressed-x-precision         = 1000
   cutoff-scheme                  = Group
   nstlist                        = 20
   ns-type                        = Grid
   pbc                            = no
   periodic-molecules             = FALSE
   verlet-buffer-tolerance        = 0.005
   rlist                          = 3
   rlistlong                      = 3
   nstcalclr                      = 0
   coulombtype                    = User
   coulomb-modifier               = None
   rcoulomb-switch                = 0
   rcoulomb                       = 3
   epsilon-r                      = 1
   epsilon-rf                     = inf
   vdw-type                       = User
   vdw-modifier                   = None
   rvdw-switch                    = 0
   rvdw                           = 3
   DispCorr                       = No
   table-extension                = 50
   fourierspacing                 = 0.12
   fourier-nx                     = 0
   fourier-ny                     = 0
   fourier-nz                     = 0
   pme-order                      = 4
   ewald-rtol                     = 1e-05
   ewald-rtol-lj                  = 0.001
   lj-pme-comb-rule               = Geometric
   ewald-geometry                 = 0
   epsilon-surface                = 0
   implicit-solvent               = No
   gb-algorithm                   = Still
   nstgbradii                     = 1
   rgbradii                       = 1
   gb-epsilon-solvent             = 80
   gb-saltconc                    = 0
   gb-obc-alpha                   = 1
   gb-obc-beta                    = 0.8
   gb-obc-gamma                   = 4.85
   gb-dielectric-offset           = 0.009
   sa-algorithm                   = Ace-approximation
   sa-surface-tension             = 2.05016
   tcoupl                         = No
   nsttcouple                     = -1
   nh-chain-length                = 0
   print-nose-hoover-chain-variables = FALSE
   pcoupl                         = No
   pcoupltype                     = Isotropic
   nstpcouple                     = -1
   tau-p                          = 1
   compressibility (3x3):
      compressibility[    0]={ 0.00000e+00,  0.00000e+00,  0.00000e+00}
      compressibility[    1]={ 0.00000e+00,  0.00000e+00,  0.00000e+00}
      compressibility[    2]={ 0.00000e+00,  0.00000e+00,  0.00000e+00}
   ref-p (3x3):
      ref-p[    0]={ 0.00000e+00,  0.00000e+00,  0.00000e+00}
      ref-p[    1]={ 0.00000e+00,  0.00000e+00,  0.00000e+00}
      ref-p[    2]={ 0.00000e+00,  0.00000e+00,  0.00000e+00}
   refcoord-scaling               = No
   posres-com (3):
      posres-com[0]= 0.00000e+00
      posres-com[1]= 0.00000e+00
      posres-com[2]= 0.00000e+00
   posres-comB (3):
      posres-comB[0]= 0.00000e+00
      posres-comB[1]= 0.00000e+00
      posres-comB[2]= 0.00000e+00
   QMMM                           = FALSE
   QMconstraints                  = 0
   QMMMscheme                     = 0
   MMChargeScaleFactor            = 1
qm-opts:
   ngQM                           = 0
   constraint-algorithm           = Lincs
   continuation                   = FALSE
   Shake-SOR                      = FALSE
   shake-tol                      = 0.0001
   lincs-order                    = 4
   lincs-iter                     = 1
   lincs-warnangle                = 30
   nwall                          = 0
   wall-type                      = 9-3
   wall-r-linpot                  = -1
   wall-atomtype[0]               = -1
   wall-atomtype[1]               = -1
   wall-density[0]                = 0
   wall-density[1]                = 0
   wall-ewald-zfac                = 3
   pull                           = no
   rotation                       = FALSE
   interactiveMD                  = FALSE
   disre                          = No
   disre-weighting                = Conservative
   disre-mixed                    = FALSE
   dr-fc                          = 1000
   dr-tau                         = 0
   nstdisreout                    = 100
   orire-fc                       = 0
   orire-tau                      = 0
   nstorireout                    = 100
   free-energy                    = no
   cos-acceleration               = 0
   deform (3x3):
      deform[    0]={ 0.00000e+00,  0.00000e+00,  0.00000e+00}
      deform[    1]={ 0.00000e+00,  0.00000e+00,  0.00000e+00}
      deform[    2]={ 0.00000e+00,  0.00000e+00,  0.00000e+00}
   simulated-tempering            = FALSE
   E-x:
      n = 0
   E-xt:
      n = 0
   E-y:
      n = 0
   E-yt:
      n = 0
   E-z:
      n = 0
   E-zt:
      n = 0
   swapcoords                     = no
   adress                         = FALSE
   userint1                       = 0
   userint2                       = 0
   userint3                       = 0
   userint4                       = 0
   userreal1                      = 0
   userreal2                      = 0
   userreal3                      = 0
   userreal4                      = 0
grpopts:
   nrdf:         318
   ref-t:         153
   tau-t:           1
annealing:          No
annealing-npoints:           0
   acc:	           0           0           0
   nfreeze:           N           N           N
   energygrp-flags[  0]: 0
Using 1 MPI thread

Detecting CPU SIMD instructions.
Present hardware specification:
Vendor: GenuineIntel
Brand:  Intel(R) Xeon(R) CPU @ 2.20GHz
Family:  6  Model: 79  Stepping:  0
Features: aes apic avx avx2 clfsh cmov cx8 cx16 f16c fma htt lahf_lm mmx msr nonstop_tsc pcid pclmuldq pdpe1gb popcnt pse rdrnd rdtscp sse2 sse3 sse4.1 sse4.2 ssse3 x2apic
SIMD instructions most likely to fit this hardware: AVX2_256
SIMD instructions selected at GROMACS compile time: AVX2_256


NOTE: This file uses the deprecated 'group' cutoff_scheme. This will be
removed in a future release when 'verlet' supports all interaction forms.

Table routines are used for coulomb: TRUE
Table routines are used for vdw:     TRUE
Cut-off's:   NS: 3   Coulomb: 3   LJ: 3
System total charge: 0.000
Read user tables from ../table.xvg with 20000 data points.
Tabscale = 200 points/nm
Read user tables from ../table.xvg with 20000 data points.
Tabscale = 200 points/nm
Potential shift: LJ r^-12: 0.000e+00 r^-6: 0.000e+00
Center of mass motion removal mode is Angular
We have the following groups for center of mass motion removal:
  0:  rest

++++ PLEASE READ AND CITE THE FOLLOWING REFERENCE ++++
N. Goga and A. J. Rzepiela and A. H. de Vries and S. J. Marrink and H. J. C.
Berendsen
Efficient Algorithms for Langevin and DPD Dynamics
J. Chem. Theory Comput. 8 (2012) pp. 3637--3649
-------- -------- --- Thank You --- -------- --------

There are: 108 Atoms
Initial temperature: 154.788 K

Started mdrun on rank 0 Thu Nov 21 03:02:28 2024
           Step           Time         Lambda
              0        0.00000        0.00000


Grid: 2 x 3 x 3 cells
   Energies (kJ/mol)
           Bond          Angle    Proper Dih.          LJ-14         VDW-14
    1.70584e-01    5.44334e-03    1.23047e-03   -3.18994e+02    0.00000e+00
     Coulomb-14        LJ (SR)   Coulomb (SR)      Potential    Kinetic En.
    0.00000e+00    6.63673e-02    0.00000e+00   -3.18750e+02    2.02558e+02
   Total Energy    Temperature Pressure (bar)
   -1.16192e+02    1.53220e+02    0.00000e+00

           Step           Time         Lambda
         100000       50.00000        0.00000

   Energies (kJ/mol)
           Bond          Angle    Proper Dih.          LJ-14         VDW-14
    5.43971e+01    5.31381e+01    3.09221e+01   -2.33212e+02    0.00000e+00
     Coulomb-14        LJ (SR)   Coulomb (SR)      Potential    Kinetic En.
    0.00000e+00    5.86081e-02    0.00000e+00   -9.46957e+01    1.87573e+02
   Total Energy    Temperature Pressure (bar)
    9.28774e+01    1.41885e+02    0.00000e+00

           Step           Time         Lambda
         200000      100.00000        0.00000

   Energies (kJ/mol)
           Bond          Angle    Proper Dih.          LJ-14         VDW-14
    6.74618e+01    4.85946e+01    3.44666e+01   -2.14642e+02    0.00000e+00
     Coulomb-14        LJ (SR)   Coulomb (SR)      Potential    Kinetic En.
    0.00000e+00    1.09670e-01    0.00000e+00   -6.40098e+01    1.91545e+02
   Total Energy    Temperature Pressure (bar)
    1.27536e+02    1.44890e+02    0.00000e+00

           Step           Time         Lambda
         300000      150.00000        0.00000

   Energies (kJ/mol)
           Bond          Angle    Proper Dih.          LJ-14         VDW-14
    5.97586e+01    4.87562e+01    3.74508e+01   -1.91479e+02    0.00000e+00
     Coulomb-14        LJ (SR)   Coulomb (SR)      Potential    Kinetic En.
    0.00000e+00    1.34631e-01    0.00000e+00   -4.53785e+01    1.96678e+02
   Total Energy    Temperature Pressure (bar)
    1.51299e+02    1.48772e+02    0.00000e+00

           Step           Time         Lambda
         400000      200.00000        0.00000

   Energies (kJ/mol)
           Bond          Angle    Proper Dih.          LJ-14         VDW-14
    5.53503e+01    5.65521e+01    5.35679e+01   -1.76884e+02    0.00000e+00
     Coulomb-14        LJ (SR)   Coulomb (SR)      Potential    Kinetic En.
    0.00000e+00    2.60876e+00    0.00000e+00   -8.80477e+00    2.08426e+02
   Total Energy    Temperature Pressure (bar)
    1.99622e+02    1.57659e+02    0.00000e+00

           Step           Time         Lambda
         500000      250.00000        0.00000

   Energies (kJ/mol)
           Bond          Angle    Proper Dih.          LJ-14         VDW-14
    6.83241e+01    5.19502e+01    3.36224e+01   -2.23925e+02    0.00000e+00
     Coulomb-14        LJ (SR)   Coulomb (SR)      Potential    Kinetic En.
    0.00000e+00    2.12930e-01    0.00000e+00   -6.98150e+01    2.11256e+02
   Total Energy    Temperature Pressure (bar)
    1.41441e+02    1.59800e+02    0.00000e+00

           Step           Time         Lambda
         600000      300.00000        0.00000

   Energies (kJ/mol)
           Bond          Angle    Proper Dih.          LJ-14         VDW-14
    6.15669e+01    5.67257e+01    6.74168e+01   -1.55144e+02    0.00000e+00
     Coulomb-14        LJ (SR)   Coulomb (SR)      Potential    Kinetic En.
    0.00000e+00    4.23024e-01    0.00000e+00    3.09888e+01    2.01776e+02
   Total Energy    Temperature Pressure (bar)
    2.32765e+02    1.52628e+02    0.00000e+00

           Step           Time         Lambda
         700000      350.00000        0.00000

   Energies (kJ/mol)
           Bond          Angle    Proper Dih.          LJ-14         VDW-14
    7.30057e+01    5.51799e+01    4.52732e+01   -1.70069e+02    0.00000e+00
     Coulomb-14        LJ (SR)   Coulomb (SR)      Potential    Kinetic En.
    0.00000e+00    3.98200e-01    0.00000e+00    3.78782e+00    1.82184e+02
   Total Energy    Temperature Pressure (bar)
    1.85972e+02    1.37809e+02    0.00000e+00

           Step           Time         Lambda
         800000      400.00000        0.00000

   Energies (kJ/mol)
           Bond          Angle    Proper Dih.          LJ-14         VDW-14
    7.06280e+01    5.34066e+01    4.18741e+01   -2.05069e+02    0.00000e+00
     Coulomb-14        LJ (SR)   Coulomb (SR)      Potential    Kinetic En.
    0.00000e+00    4.68317e-01    0.00000e+00   -3.86920e+01    1.72624e+02
   Total Energy    Temperature Pressure (bar)
    1.33932e+02    1.30577e+02    0.00000e+00

           Step           Time         Lambda
         900000      450.00000        0.00000

   Energies (kJ/mol)
           Bond          Angle    Proper Dih.          LJ-14         VDW-14
    7.90353e+01    7.28148e+01    4.92687e+01   -2.07129e+02    0.00000e+00
     Coulomb-14        LJ (SR)   Coulomb (SR)      Potential    Kinetic En.
    0.00000e+00    6.31142e-02    0.00000e+00   -5.94709e+00    1.86483e+02
   Total Energy    Temperature Pressure (bar)
    1.80536e+02    1.41060e+02    0.00000e+00

           Step           Time         Lambda
        1000000      500.00000        0.00000

   Energies (kJ/mol)
           Bond          Angle    Proper Dih.          LJ-14         VDW-14
    8.08064e+01    5.11510e+01    3.84637e+01   -1.79424e+02    0.00000e+00
     Coulomb-14        LJ (SR)   Coulomb (SR)      Potential    Kinetic En.
    0.00000e+00    2.19076e+00    0.00000e+00   -6.81257e+00    2.08220e+02
   Total Energy    Temperature Pressure (bar)
    2.01408e+02    1.57503e+02    0.00000e+00

           Step           Time         Lambda
        1100000      550.00000        0.00000

   Energies (kJ/mol)
           Bond          Angle    Proper Dih.          LJ-14         VDW-14
    7.10073e+01    6.57058e+01    5.93994e+01   -1.44926e+02    0.00000e+00
     Coulomb-14        LJ (SR)   Coulomb (SR)      Potential    Kinetic En.
    0.00000e+00    5.67874e-01    0.00000e+00    5.17540e+01    2.17833e+02
   Total Energy    Temperature Pressure (bar)
    2.69587e+02    1.64774e+02    0.00000e+00

           Step           Time         Lambda
        1200000      600.00000        0.00000

   Energies (kJ/mol)
           Bond          Angle    Proper Dih.          LJ-14         VDW-14
    7.88665e+01    5.76234e+01    3.46284e+01   -2.06704e+02    0.00000e+00
     Coulomb-14        LJ (SR)   Coulomb (SR)      Potential    Kinetic En.
    0.00000e+00    1.35967e-01    0.00000e+00   -3.54501e+01    1.98431e+02
   Total Energy    Temperature Pressure (bar)
    1.62980e+02    1.50098e+02    0.00000e+00

           Step           Time         Lambda
        1300000      650.00000        0.00000

   Energies (kJ/mol)
           Bond          Angle    Proper Dih.          LJ-14         VDW-14
    6.82701e+01    4.89450e+01    4.58968e+01   -1.96123e+02    0.00000e+00
     Coulomb-14        LJ (SR)   Coulomb (SR)      Potential    Kinetic En.
    0.00000e+00    3.78602e-01    0.00000e+00   -3.26326e+01    1.88616e+02
   Total Energy    Temperature Pressure (bar)
    1.55984e+02    1.42674e+02    0.00000e+00

           Step           Time         Lambda
        1400000      700.00000        0.00000

   Energies (kJ/mol)
           Bond          Angle    Proper Dih.          LJ-14         VDW-14
    7.33936e+01    4.77847e+01    4.10560e+01   -2.25566e+02    0.00000e+00
     Coulomb-14        LJ (SR)   Coulomb (SR)      Potential    Kinetic En.
    0.00000e+00    1.83826e-01    0.00000e+00   -6.31474e+01    1.85974e+02
   Total Energy    Temperature Pressure (bar)
    1.22826e+02    1.40675e+02    0.00000e+00

           Step           Time         Lambda
        1500000      750.00000        0.00000

   Energies (kJ/mol)
           Bond          Angle    Proper Dih.          LJ-14         VDW-14
    7.08045e+01    4.88567e+01    3.21086e+01   -2.14075e+02    0.00000e+00
     Coulomb-14        LJ (SR)   Coulomb (SR)      Potential    Kinetic En.
    0.00000e+00    1.03865e+00    0.00000e+00   -6.12669e+01    2.11726e+02
   Total Energy    Temperature Pressure (bar)
    1.50459e+02    1.60155e+02    0.00000e+00

           Step           Time         Lambda
        1600000      800.00000        0.00000

   Energies (kJ/mol)
           Bond          Angle    Proper Dih.          LJ-14         VDW-14
    7.89347e+01    5.26402e+01    4.22169e+01   -1.93874e+02    0.00000e+00
     Coulomb-14        LJ (SR)   Coulomb (SR)      Potential    Kinetic En.
    0.00000e+00    5.71762e-02    0.00000e+00   -2.00247e+01    2.03797e+02
   Total Energy    Temperature Pressure (bar)
    1.83773e+02    1.54157e+02    0.00000e+00

           Step           Time         Lambda
        1700000      850.00000        0.00000

   Energies (kJ/mol)
           Bond          Angle    Proper Dih.          LJ-14         VDW-14
    7.91771e+01    6.03087e+01    5.73519e+01   -1.84301e+02    0.00000e+00
     Coulomb-14        LJ (SR)   Coulomb (SR)      Potential    Kinetic En.
    0.00000e+00    2.44813e-01    0.00000e+00    1.27815e+01    2.04454e+02
   Total Energy    Temperature Pressure (bar)
    2.17235e+02    1.54654e+02    0.00000e+00

           Step           Time         Lambda
        1800000      900.00000        0.00000

   Energies (kJ/mol)
           Bond          Angle    Proper Dih.          LJ-14         VDW-14
    6.19023e+01    6.93984e+01    8.04810e+01   -1.38075e+02    0.00000e+00
     Coulomb-14        LJ (SR)   Coulomb (SR)      Potential    Kinetic En.
    0.00000e+00    1.35523e+00    0.00000e+00    7.50622e+01    1.96683e+02
   Total Energy    Temperature Pressure (bar)
    2.71746e+02    1.48776e+02    0.00000e+00

           Step           Time         Lambda
        1900000      950.00000        0.00000

   Energies (kJ/mol)
           Bond          Angle    Proper Dih.          LJ-14         VDW-14
    5.72688e+01    6.53786e+01    5.15078e+01   -1.85476e+02    0.00000e+00
     Coulomb-14        LJ (SR)   Coulomb (SR)      Potential    Kinetic En.
    0.00000e+00    3.67684e-01    0.00000e+00   -1.09534e+01    1.93144e+02
   Total Energy    Temperature Pressure (bar)
    1.82191e+02    1.46099e+02    0.00000e+00

           Step           Time         Lambda
        2000000     1000.00000        0.00000

   Energies (kJ/mol)
           Bond          Angle    Proper Dih.          LJ-14         VDW-14
    7.40052e+01    4.79412e+01    4.31044e+01   -1.78188e+02    0.00000e+00
     Coulomb-14        LJ (SR)   Coulomb (SR)      Potential    Kinetic En.
    0.00000e+00    2.53763e-01    0.00000e+00   -1.28831e+01    1.88085e+02
   Total Energy    Temperature Pressure (bar)
    1.75202e+02    1.42273e+02    0.00000e+00

           Step           Time         Lambda
        2100000     1050.00000        0.00000

   Energies (kJ/mol)
           Bond          Angle    Proper Dih.          LJ-14         VDW-14
    6.27907e+01    5.44778e+01    5.56377e+01   -1.90134e+02    0.00000e+00
     Coulomb-14        LJ (SR)   Coulomb (SR)      Potential    Kinetic En.
    0.00000e+00    6.34435e-02    0.00000e+00   -1.71641e+01    1.82725e+02
   Total Energy    Temperature Pressure (bar)
    1.65561e+02    1.38218e+02    0.00000e+00

           Step           Time         Lambda
        2200000     1100.00000        0.00000

   Energies (kJ/mol)
           Bond          Angle    Proper Dih.          LJ-14         VDW-14
    5.85451e+01    6.34295e+01    9.54725e+01   -5.86747e+01    0.00000e+00
     Coulomb-14        LJ (SR)   Coulomb (SR)      Potential    Kinetic En.
    0.00000e+00    2.27163e+00    0.00000e+00    1.61044e+02    1.80707e+02
   Total Energy    Temperature Pressure (bar)
    3.41751e+02    1.36692e+02    0.00000e+00

           Step           Time         Lambda
        2300000     1150.00000        0.00000

   Energies (kJ/mol)
           Bond          Angle    Proper Dih.          LJ-14         VDW-14
    7.92854e+01    6.80415e+01    9.50724e+01   -6.06186e+01    0.00000e+00
     Coulomb-14        LJ (SR)   Coulomb (SR)      Potential    Kinetic En.
    0.00000e+00    1.27546e+00    0.00000e+00    1.83056e+02    1.94083e+02
   Total Energy    Temperature Pressure (bar)
    3.77139e+02    1.46809e+02    0.00000e+00

Grid: 2 x 6 x 3 cells
           Step           Time         Lambda
        2400000     1200.00000        0.00000

   Energies (kJ/mol)
           Bond          Angle    Proper Dih.          LJ-14         VDW-14
    7.63210e+01    5.73235e+01    9.76125e+01   -3.76981e+01    0.00000e+00
     Coulomb-14        LJ (SR)   Coulomb (SR)      Potential    Kinetic En.
    0.00000e+00    2.24495e-01    0.00000e+00    1.93783e+02    2.11363e+02
   Total Energy    Temperature Pressure (bar)
    4.05146e+02    1.59880e+02    0.00000e+00

           Step           Time         Lambda
        2500000     1250.00000        0.00000

   Energies (kJ/mol)
           Bond          Angle    Proper Dih.          LJ-14         VDW-14
    6.87429e+01    7.81224e+01    1.08087e+02   -4.30282e+01    0.00000e+00
     Coulomb-14        LJ (SR)   Coulomb (SR)      Potential    Kinetic En.
    0.00000e+00    4.88190e-01    0.00000e+00    2.12412e+02    1.82600e+02
   Total Energy    Temperature Pressure (bar)
    3.95012e+02    1.38123e+02    0.00000e+00

           Step           Time         Lambda
        2600000     1300.00000        0.00000

   Energies (kJ/mol)
           Bond          Angle    Proper Dih.          LJ-14         VDW-14
    7.73199e+01    6.51864e+01    8.17475e+01   -7.22064e+01    0.00000e+00
     Coulomb-14        LJ (SR)   Coulomb (SR)      Potential    Kinetic En.
    0.00000e+00    2.54669e+00    0.00000e+00    1.54594e+02    2.20524e+02
   Total Energy    Temperature Pressure (bar)
    3.75118e+02    1.66810e+02    0.00000e+00

           Step           Time         Lambda
        2700000     1350.00000        0.00000

   Energies (kJ/mol)
           Bond          Angle    Proper Dih.          LJ-14         VDW-14
    5.63136e+01    5.78093e+01    7.68251e+01   -7.58372e+01    0.00000e+00
     Coulomb-14        LJ (SR)   Coulomb (SR)      Potential    Kinetic En.
    0.00000e+00    9.92064e-01    0.00000e+00    1.16103e+02    1.83237e+02
   Total Energy    Temperature Pressure (bar)
    2.99340e+02    1.38605e+02    0.00000e+00

           Step           Time         Lambda
        2800000     1400.00000        0.00000

   Energies (kJ/mol)
           Bond          Angle    Proper Dih.          LJ-14         VDW-14
    6.27809e+01    7.36281e+01    8.72043e+01   -5.28284e+01    0.00000e+00
     Coulomb-14        LJ (SR)   Coulomb (SR)      Potential    Kinetic En.
    0.00000e+00    1.53755e-01    0.00000e+00    1.70939e+02    2.10554e+02
   Total Energy    Temperature Pressure (bar)
    3.81492e+02    1.59268e+02    0.00000e+00

           Step           Time         Lambda
        2900000     1450.00000        0.00000

   Energies (kJ/mol)
           Bond          Angle    Proper Dih.          LJ-14         VDW-14
    6.60366e+01    6.54356e+01    9.64658e+01   -4.03912e+01    0.00000e+00
     Coulomb-14        LJ (SR)   Coulomb (SR)      Potential    Kinetic En.
    0.00000e+00    7.67908e-01    0.00000e+00    1.88315e+02    1.95437e+02
   Total Energy    Temperature Pressure (bar)
    3.83752e+02    1.47834e+02    0.00000e+00

           Step           Time         Lambda
        3000000     1500.00000        0.00000

   Energies (kJ/mol)
           Bond          Angle    Proper Dih.          LJ-14         VDW-14
    7.43481e+01    7.69651e+01    8.49390e+01   -6.52016e+01    0.00000e+00
     Coulomb-14        LJ (SR)   Coulomb (SR)      Potential    Kinetic En.
    0.00000e+00    2.90758e-01    0.00000e+00    1.71341e+02    2.19823e+02
   Total Energy    Temperature Pressure (bar)
    3.91164e+02    1.66279e+02    0.00000e+00

           Step           Time         Lambda
        3100000     1550.00000        0.00000

   Energies (kJ/mol)
           Bond          Angle    Proper Dih.          LJ-14         VDW-14
    6.60783e+01    6.49719e+01    9.63368e+01   -4.55983e+01    0.00000e+00
     Coulomb-14        LJ (SR)   Coulomb (SR)      Potential    Kinetic En.
    0.00000e+00    3.67032e-01    0.00000e+00    1.82156e+02    1.98253e+02
   Total Energy    Temperature Pressure (bar)
    3.80409e+02    1.49964e+02    0.00000e+00

           Step           Time         Lambda
        3200000     1600.00000        0.00000

   Energies (kJ/mol)
           Bond          Angle    Proper Dih.          LJ-14         VDW-14
    7.14125e+01    7.07126e+01    9.89874e+01   -2.86900e+01    0.00000e+00
     Coulomb-14        LJ (SR)   Coulomb (SR)      Potential    Kinetic En.
    0.00000e+00    1.48046e+00    0.00000e+00    2.13903e+02    2.03079e+02
   Total Energy    Temperature Pressure (bar)
    4.16982e+02    1.53614e+02    0.00000e+00

           Step           Time         Lambda
        3300000     1650.00000        0.00000

   Energies (kJ/mol)
           Bond          Angle    Proper Dih.          LJ-14         VDW-14
    7.24559e+01    5.00836e+01    1.04384e+02   -5.07792e+01    0.00000e+00
     Coulomb-14        LJ (SR)   Coulomb (SR)      Potential    Kinetic En.
    0.00000e+00    1.01075e+00    0.00000e+00    1.77155e+02    2.06504e+02
   Total Energy    Temperature Pressure (bar)
    3.83659e+02    1.56205e+02    0.00000e+00

           Step           Time         Lambda
        3400000     1700.00000        0.00000

   Energies (kJ/mol)
           Bond          Angle    Proper Dih.          LJ-14         VDW-14
    7.76955e+01    5.59057e+01    9.40925e+01   -7.10244e+01    0.00000e+00
     Coulomb-14        LJ (SR)   Coulomb (SR)      Potential    Kinetic En.
    0.00000e+00    4.07185e-01    0.00000e+00    1.57076e+02    1.96002e+02
   Total Energy    Temperature Pressure (bar)
    3.53078e+02    1.48261e+02    0.00000e+00

           Step           Time         Lambda
        3500000     1750.00000        0.00000

   Energies (kJ/mol)
           Bond          Angle    Proper Dih.          LJ-14         VDW-14
    7.64895e+01    6.62802e+01    9.93806e+01   -3.17706e+01    0.00000e+00
     Coulomb-14        LJ (SR)   Coulomb (SR)      Potential    Kinetic En.
    0.00000e+00    4.78965e-02    0.00000e+00    2.10428e+02    2.01422e+02
   Total Energy    Temperature Pressure (bar)
    4.11850e+02    1.52361e+02    0.00000e+00

           Step           Time         Lambda
        3600000     1800.00000        0.00000

   Energies (kJ/mol)
           Bond          Angle    Proper Dih.          LJ-14         VDW-14
    5.52107e+01    5.73502e+01    9.54243e+01   -4.60222e+01    0.00000e+00
     Coulomb-14        LJ (SR)   Coulomb (SR)      Potential    Kinetic En.
    0.00000e+00    3.02031e-01    0.00000e+00    1.62265e+02    2.17732e+02
   Total Energy    Temperature Pressure (bar)
    3.79997e+02    1.64698e+02    0.00000e+00

           Step           Time         Lambda
        3700000     1850.00000        0.00000

   Energies (kJ/mol)
           Bond          Angle    Proper Dih.          LJ-14         VDW-14
    7.30753e+01    5.43488e+01    9.85853e+01   -4.96901e+01    0.00000e+00
     Coulomb-14        LJ (SR)   Coulomb (SR)      Potential    Kinetic En.
    0.00000e+00    6.44374e-02    0.00000e+00    1.76384e+02    2.01542e+02
   Total Energy    Temperature Pressure (bar)
    3.77925e+02    1.52451e+02    0.00000e+00

           Step           Time         Lambda
        3800000     1900.00000        0.00000

   Energies (kJ/mol)
           Bond          Angle    Proper Dih.          LJ-14         VDW-14
    5.14878e+01    5.48803e+01    9.10804e+01   -3.41682e+01    0.00000e+00
     Coulomb-14        LJ (SR)   Coulomb (SR)      Potential    Kinetic En.
    0.00000e+00    1.93747e-01    0.00000e+00    1.63474e+02    1.80658e+02
   Total Energy    Temperature Pressure (bar)
    3.44132e+02    1.36655e+02    0.00000e+00

           Step           Time         Lambda
        3900000     1950.00000        0.00000

   Energies (kJ/mol)
           Bond          Angle    Proper Dih.          LJ-14         VDW-14
    6.87360e+01    5.72594e+01    1.00819e+02   -4.41410e+01    0.00000e+00
     Coulomb-14        LJ (SR)   Coulomb (SR)      Potential    Kinetic En.
    0.00000e+00    6.90048e-01    0.00000e+00    1.83364e+02    2.04341e+02
   Total Energy    Temperature Pressure (bar)
    3.87705e+02    1.54569e+02    0.00000e+00

           Step           Time         Lambda
        4000000     2000.00000        0.00000

   Energies (kJ/mol)
           Bond          Angle    Proper Dih.          LJ-14         VDW-14
    6.24284e+01    8.84014e+01    1.00819e+02   -6.97834e+01    0.00000e+00
     Coulomb-14        LJ (SR)   Coulomb (SR)      Potential    Kinetic En.
    0.00000e+00    1.88886e+00    0.00000e+00    1.83754e+02    2.12431e+02
   Total Energy    Temperature Pressure (bar)
    3.96185e+02    1.60688e+02    0.00000e+00

           Step           Time         Lambda
        4100000     2050.00000        0.00000

   Energies (kJ/mol)
           Bond          Angle    Proper Dih.          LJ-14         VDW-14
    9.66881e+01    7.31673e+01    9.90869e+01   -3.54792e+01    0.00000e+00
     Coulomb-14        LJ (SR)   Coulomb (SR)      Potential    Kinetic En.
    0.00000e+00    1.04950e-01    0.00000e+00    2.33568e+02    1.68016e+02
   Total Energy    Temperature Pressure (bar)
    4.01584e+02    1.27091e+02    0.00000e+00

           Step           Time         Lambda
        4200000     2100.00000        0.00000

   Energies (kJ/mol)
           Bond          Angle    Proper Dih.          LJ-14         VDW-14
    6.26235e+01    5.33958e+01    9.99765e+01   -3.78923e+01    0.00000e+00
     Coulomb-14        LJ (SR)   Coulomb (SR)      Potential    Kinetic En.
    0.00000e+00    6.41700e-02    0.00000e+00    1.78168e+02    1.84894e+02
   Total Energy    Temperature Pressure (bar)
    3.63062e+02    1.39859e+02    0.00000e+00

           Step           Time         Lambda
        4300000     2150.00000        0.00000

   Energies (kJ/mol)
           Bond          Angle    Proper Dih.          LJ-14         VDW-14
    6.74429e+01    8.25901e+01    1.04338e+02   -3.90030e+01    0.00000e+00
     Coulomb-14        LJ (SR)   Coulomb (SR)      Potential    Kinetic En.
    0.00000e+00    8.23639e-01    0.00000e+00    2.16192e+02    2.04399e+02
   Total Energy    Temperature Pressure (bar)
    4.20591e+02    1.54612e+02    0.00000e+00

           Step           Time         Lambda
        4400000     2200.00000        0.00000

   Energies (kJ/mol)
           Bond          Angle    Proper Dih.          LJ-14         VDW-14
    8.37782e+01    5.73674e+01    1.01427e+02   -3.96041e+01    0.00000e+00
     Coulomb-14        LJ (SR)   Coulomb (SR)      Potential    Kinetic En.
    0.00000e+00    4.17825e-01    0.00000e+00    2.03386e+02    2.24704e+02
   Total Energy    Temperature Pressure (bar)
    4.28090e+02    1.69972e+02    0.00000e+00

           Step           Time         Lambda
        4500000     2250.00000        0.00000

   Energies (kJ/mol)
           Bond          Angle    Proper Dih.          LJ-14         VDW-14
    5.93906e+01    7.64632e+01    1.04423e+02   -3.44474e+01    0.00000e+00
     Coulomb-14        LJ (SR)   Coulomb (SR)      Potential    Kinetic En.
    0.00000e+00    2.69792e+00    0.00000e+00    2.08527e+02    2.10137e+02
   Total Energy    Temperature Pressure (bar)
    4.18664e+02    1.58953e+02    0.00000e+00

           Step           Time         Lambda
        4600000     2300.00000        0.00000

   Energies (kJ/mol)
           Bond          Angle    Proper Dih.          LJ-14         VDW-14
    8.52515e+01    7.87288e+01    8.50561e+01   -6.98397e+01    0.00000e+00
     Coulomb-14        LJ (SR)   Coulomb (SR)      Potential    Kinetic En.
    0.00000e+00    1.80013e-01    0.00000e+00    1.79377e+02    1.98866e+02
   Total Energy    Temperature Pressure (bar)
    3.78243e+02    1.50428e+02    0.00000e+00

           Step           Time         Lambda
        4700000     2350.00000        0.00000

   Energies (kJ/mol)
           Bond          Angle    Proper Dih.          LJ-14         VDW-14
    6.91968e+01    6.18825e+01    1.06405e+02   -2.95762e+01    0.00000e+00
     Coulomb-14        LJ (SR)   Coulomb (SR)      Potential    Kinetic En.
    0.00000e+00    7.74541e-02    0.00000e+00    2.07985e+02    2.14460e+02
   Total Energy    Temperature Pressure (bar)
    4.22446e+02    1.62223e+02    0.00000e+00

           Step           Time         Lambda
        4800000     2400.00000        0.00000

   Energies (kJ/mol)
           Bond          Angle    Proper Dih.          LJ-14         VDW-14
    6.74069e+01    6.44828e+01    1.11006e+02   -3.15206e+01    0.00000e+00
     Coulomb-14        LJ (SR)   Coulomb (SR)      Potential    Kinetic En.
    0.00000e+00    6.97824e-01    0.00000e+00    2.12073e+02    2.01522e+02
   Total Energy    Temperature Pressure (bar)
    4.13595e+02    1.52437e+02    0.00000e+00

           Step           Time         Lambda
        4900000     2450.00000        0.00000

   Energies (kJ/mol)
           Bond          Angle    Proper Dih.          LJ-14         VDW-14
    7.00156e+01    5.47026e+01    9.94038e+01   -4.80499e+01    0.00000e+00
     Coulomb-14        LJ (SR)   Coulomb (SR)      Potential    Kinetic En.
    0.00000e+00    7.69488e-01    0.00000e+00    1.76842e+02    2.05673e+02
   Total Energy    Temperature Pressure (bar)
    3.82514e+02    1.55576e+02    0.00000e+00

           Step           Time         Lambda
        5000000     2500.00000        0.00000

Writing checkpoint, step 5000000 at Thu Nov 21 03:09:30 2024


   Energies (kJ/mol)
           Bond          Angle    Proper Dih.          LJ-14         VDW-14
    5.02021e+01    5.70320e+01    9.95439e+01   -6.32471e+01    0.00000e+00
     Coulomb-14        LJ (SR)   Coulomb (SR)      Potential    Kinetic En.
    0.00000e+00    1.10747e-01    0.00000e+00    1.43642e+02    1.82527e+02
   Total Energy    Temperature Pressure (bar)
    3.26168e+02    1.38068e+02    0.00000e+00

	<======  ###############  ==>
	<====  A V E R A G E S  ====>
	<==  ###############  ======>

	Statistics over 5000001 steps using 50001 frames

   Energies (kJ/mol)
           Bond          Angle    Proper Dih.          LJ-14         VDW-14
    6.81617e+01    6.06583e+01    7.43667e+01   -1.11394e+02    0.00000e+00
     Coulomb-14        LJ (SR)   Coulomb (SR)      Potential    Kinetic En.
    0.00000e+00    6.36974e-01    0.00000e+00    9.24301e+01    2.03018e+02
   Total Energy    Temperature Pressure (bar)
    2.95448e+02    1.53568e+02    0.00000e+00

   Total Virial (kJ/mol)
    6.84031e+01    5.67047e-01   -1.09514e-01
    5.67048e-01    6.67672e+01   -1.63378e-01
   -1.09514e-01   -1.63376e-01    6.76022e+01

   Pressure (bar)
    0.00000e+00    0.00000e+00    0.00000e+00
    0.00000e+00    0.00000e+00    0.00000e+00
    0.00000e+00    0.00000e+00    0.00000e+00


	M E G A - F L O P S   A C C O U N T I N G

 NB=Group-cutoff nonbonded kernels    NxN=N-by-N cluster Verlet kernels
 RF=Reaction-Field  VdW=Van der Waals  QSTab=quadratic-spline table
 W3=SPC/TIP3p  W4=TIP4p (single or pairs)
 V&F=Potential and force  V=Potential only  F=Force only

 Computing:                               M-Number         M-Flops  % Flops
-----------------------------------------------------------------------------
 NB VdW [V&F]                         10989.894696       10989.895     0.7
 NB VdW [F]                          935277.582254      935277.582    63.2
 1,4 nonbonded interactions            1595.000319      143550.029     9.7
 NS-Pairs                              1291.806549       27127.938     1.8
 CG-CoM                                  27.000108          81.000     0.0
 Bonds                                  535.000107       31565.006     2.1
 Angles                                 530.000106       89040.018     6.0
 Propers                               1050.000210      240450.048    16.2
 Virial                                   7.650153         137.703     0.0
 Stop-CM                                  5.400216          54.002     0.0
 Calc-Ekin                               54.000216        1458.006     0.1
-----------------------------------------------------------------------------
 Total                                                 1479731.226   100.0
-----------------------------------------------------------------------------


     R E A L   C Y C L E   A N D   T I M E   A C C O U N T I N G

On 1 MPI rank

 Computing:          Num   Num      Call    Wall time         Giga-Cycles
                     Ranks Threads  Count      (s)         total sum    %
-----------------------------------------------------------------------------
 Neighbor search        1    1     250001      36.123         79.471   8.6
 Force                  1    1    5000001     340.610        749.342  80.8
 Write traj.            1    1       1001       0.071          0.156   0.0
 Update                 1    1    5000001      32.833         72.234   7.8
 Rest                                          12.026         26.456   2.9
-----------------------------------------------------------------------------
 Total                                        421.663        927.659 100.0
-----------------------------------------------------------------------------

               Core t (s)   Wall t (s)        (%)
       Time:      397.769      421.663       94.3
                 (ns/day)    (hour/ns)
Performance:      512.257        0.047
Finished mdrun on rank 0 Thu Nov 21 03:09:30 2024
